app/build/outputs/mapping/release/mapping.txt
android.support.v7.widget.AppCompatSpinner$DropDownAdapter -> android.support.v7.widget.y$a:
    android.widget.SpinnerAdapter mAdapter -> a
    android.widget.ListAdapter mListAdapter -> b
    void <init>(android.widget.SpinnerAdapter,android.content.res.Resources$Theme) -> <init>
    int getCount() -> getCount
    java.lang.Object getItem(int) -> getItem
    long getItemId(int) -> getItemId
    android.view.View getView(int,android.view.View,android.view.ViewGroup) -> getView
    android.view.View getDropDownView(int,android.view.View,android.view.ViewGroup) -> getDropDownView
    boolean hasStableIds() -> hasStableIds
    void registerDataSetObserver(android.database.DataSetObserver) -> registerDataSetObserver
    void unregisterDataSetObserver(android.database.DataSetObserver) -> unregisterDataSetObserver
    boolean areAllItemsEnabled() -> areAllItemsEnabled
    boolean isEnabled(int) -> isEnabled
    int getItemViewType(int) -> getItemViewType
    int getViewTypeCount() -> getViewTypeCount
    boolean isEmpty() -> isEmpty
android.support.v7.widget.AppCompatSpinner$DropdownPopup -> android.support.v7.widget.y$b:
    java.lang.CharSequence mHintText -> a
    android.widget.ListAdapter mAdapter -> n
    android.graphics.Rect mVisibleRect -> o
    android.support.v7.widget.AppCompatSpinner this$0 -> b
    void <init>(android.support.v7.widget.AppCompatSpinner,android.content.Context,android.util.AttributeSet,int) -> <init>
    void setAdapter(android.widget.ListAdapter) -> a
    void computeContentWidth() -> a
    void show() -> d
    android.widget.ListAdapter access$200(android.support.v7.widget.AppCompatSpinner$DropdownPopup) -> a
    boolean access$600(android.support.v7.widget.AppCompatSpinner$DropdownPopup,android.view.View) -> a
    void access$701(android.support.v7.widget.AppCompatSpinner$DropdownPopup) -> b
android.support.v7.widget.AppCompatSpinner$DropdownPopup$1 -> android.support.v7.widget.y$b$1:
    android.support.v7.widget.AppCompatSpinner val$this$0 -> a
    android.support.v7.widget.AppCompatSpinner$DropdownPopup this$1 -> b
    void <init>(android.support.v7.widget.AppCompatSpinner$DropdownPopup,android.support.v7.widget.AppCompatSpinner) -> <init>
    void onItemClick(android.widget.AdapterView,android.view.View,int,long) -> onItemClick
android.support.v7.widget.AppCompatSpinner$DropdownPopup$2 -> android.support.v7.widget.y$b$2:
    android.support.v7.widget.AppCompatSpinner$DropdownPopup this$1 -> a
    void <init>(android.support.v7.widget.AppCompatSpinner$DropdownPopup) -> <init>
    void onGlobalLayout() -> onGlobalLayout
android.support.v7.widget.AppCompatSpinner$DropdownPopup$3 -> android.support.v7.widget.y$b$3:
    android.view.ViewTreeObserver$OnGlobalLayoutListener val$layoutListener -> a
    android.support.v7.widget.AppCompatSpinner$DropdownPopup this$1 -> b
    void <init>(android.support.v7.widget.AppCompatSpinner$DropdownPopup,android.view.ViewTreeObserver$OnGlobalLayoutListener) -> <init>
    void onDismiss() -> onDismiss
android.support.v7.widget.AppCompatTextHelper -> android.support.v7.widget.z:
    android.widget.TextView mView -> a
    android.support.v7.widget.TintInfo mDrawableLeftTint -> b
    android.support.v7.widget.TintInfo mDrawableTopTint -> c
    android.support.v7.widget.TintInfo mDrawableRightTint -> d
    android.support.v7.widget.TintInfo mDrawableBottomTint -> e
    android.support.v7.widget.AppCompatTextHelper create(android.widget.TextView) -> a
    void <init>(android.widget.TextView) -> <init>
    void loadFromAttributes(android.util.AttributeSet,int) -> a
    void onSetTextAppearance(android.content.Context,int) -> a
    void setAllCaps(boolean) -> a
    void applyCompoundDrawablesTints() -> a
    void applyCompoundDrawableTint(android.graphics.drawable.Drawable,android.support.v7.widget.TintInfo) -> a
    android.support.v7.widget.TintInfo createTintInfo(android.content.Context,android.support.v7.widget.AppCompatDrawableManager,int) -> a